<?xml version="1.0" encoding="UTF-8"?>
<!-- Generated by org.testng.reporters.JUnitXMLReporter -->
<testsuite hostname="ondornoMac-mini.local" ignored="0" name="Surefire test" tests="2" failures="0" timestamp="05 九月 2019 07:34:53 GMT" time="57.446" errors="0">
  <testcase name="testIOS on testIOS(ios.TestFuc)" time="28.654" classname="ios.TestFuc"/>
  <testcase name="testAndroid on testAndroid(android.TestAndroid)" time="28.742" classname="android.TestAndroid"/>
</testsuite> <!-- Surefire test -->
