<?xml version="1.0" encoding="UTF-8"?>
<testng-results skipped="0" failed="0" ignored="0" total="2" passed="2">
  <reporter-output>
  </reporter-output>
  <suite name="Surefire suite" duration-ms="57446" started-at="2019-09-05T07:33:50Z" finished-at="2019-09-05T07:34:48Z">
    <groups>
    </groups>
    <test name="Surefire test" duration-ms="57446" started-at="2019-09-05T07:33:50Z" finished-at="2019-09-05T07:34:48Z">
      <class name="android.TestAndroid">
        <test-method status="PASS" signature="testAndroid() throws java.lang.Exception" name="testAndroid" duration-ms="28742" started-at="2019-09-05T07:34:19Z" finished-at="2019-09-05T07:34:48Z">
          <reporter-output>
          </reporter-output>
        </test-method> <!-- testAndroid -->
      </class> <!-- android.TestAndroid -->
      <class name="ios.TestFuc">
        <test-method status="PASS" signature="testIOS() throws java.lang.Exception" name="testIOS" duration-ms="28654" started-at="2019-09-05T07:33:50Z" finished-at="2019-09-05T07:34:19Z">
          <reporter-output>
          </reporter-output>
        </test-method> <!-- testIOS -->
      </class> <!-- ios.TestFuc -->
    </test> <!-- Surefire test -->
  </suite> <!-- Surefire suite -->
</testng-results>
